# JRE version: Java(TM) SE Runtime Environment (7.0_55-b13) (build 1.7.0_55-b13)
# Java VM: Java HotSpot(TM) 64-Bit Server VM (24.55-b03 mixed mode windows-amd64 compressed oops)
Heap
 par new generation   total 314560K, used 289070K [0x00000000bae00000, 0x00000000d0350000, 0x00000000d0350000)
  eden space 279616K, 100% used [0x00000000bae00000, 0x00000000cbf10000, 0x00000000cbf10000)
  from space 34944K,  27% used [0x00000000ce130000, 0x00000000cea6b850, 0x00000000d0350000)
  to   space 34944K,  31% used [0x00000000cbf10000, 0x00000000cc9f69a0, 0x00000000ce130000)
 concurrent mark-sweep generation total 699072K, used 160115K [0x00000000d0350000, 0x00000000fae00000, 0x00000000fae00000)
 concurrent-mark-sweep perm gen total 71244K, used 43366K [0x00000000fae00000, 0x00000000ff393000, 0x0000000100000000)
GC Heap History (10 events):
Event: 2344.679 GC heap after
Heap after GC invocations=64 (full 12):
 par new generation   total 314560K, used 12509K [0x00000000bae00000, 0x00000000d0350000, 0x00000000d0350000)
  eden space 279616K,   0% used [0x00000000bae00000, 0x00000000bae00000, 0x00000000cbf10000)
  from space 34944K,  35% used [0x00000000ce130000, 0x00000000ced677d0, 0x00000000d0350000)
  to   space 34944K,   0% used [0x00000000cbf10000, 0x00000000cbf10000, 0x00000000ce130000)
 concurrent mark-sweep generation total 699072K, used 157225K [0x00000000d0350000, 0x00000000fae00000, 0x00000000fae00000)
 concurrent-mark-sweep perm gen total 71244K, used 43354K [0x00000000fae00000, 0x00000000ff393000, 0x0000000100000000)
}
Event: 2378.380 GC heap before
{Heap before GC invocations=64 (full 12):
 par new generation   total 314560K, used 292125K [0x00000000bae00000, 0x00000000d0350000, 0x00000000d0350000)
  eden space 279616K, 100% used [0x00000000bae00000, 0x00000000cbf10000, 0x00000000cbf10000)
  from space 34944K,  35% used [0x00000000ce130000, 0x00000000ced677d0, 0x00000000d0350000)
  to   space 34944K,   0% used [0x00000000cbf10000, 0x00000000cbf10000, 0x00000000ce130000)
 concurrent mark-sweep generation total 699072K, used 157225K [0x00000000d0350000, 0x00000000fae00000, 0x00000000fae00000)
 concurrent-mark-sweep perm gen total 71244K, used 43355K [0x00000000fae00000, 0x00000000ff393000, 0x0000000100000000)
Event: 2378.390 GC heap after
Heap after GC invocations=65 (full 12):
 par new generation   total 314560K, used 9693K [0x00000000bae00000, 0x00000000d0350000, 0x00000000d0350000)
  eden space 279616K,   0% used [0x00000000bae00000, 0x00000000bae00000, 0x00000000cbf10000)
  from space 34944K,  27% used [0x00000000cbf10000, 0x00000000cc8876f8, 0x00000000ce130000)
  to   space 34944K,   0% used [0x00000000ce130000, 0x00000000ce130000, 0x00000000d0350000)
 concurrent mark-sweep generation total 699072K, used 158895K [0x00000000d0350000, 0x00000000fae00000, 0x00000000fae00000)
 concurrent-mark-sweep perm gen total 71244K, used 43355K [0x00000000fae00000, 0x00000000ff393000, 0x0000000100000000)
}
Event: 2409.254 GC heap before
{Heap before GC invocations=65 (full 12):
 par new generation   total 314560K, used 289309K [0x00000000bae00000, 0x00000000d0350000, 0x00000000d0350000)
  eden space 279616K, 100% used [0x00000000bae00000, 0x00000000cbf10000, 0x00000000cbf10000)
  from space 34944K,  27% used [0x00000000cbf10000, 0x00000000cc8876f8, 0x00000000ce130000)
  to   space 34944K,   0% used [0x00000000ce130000, 0x00000000ce130000, 0x00000000d0350000)
 concurrent mark-sweep generation total 699072K, used 158895K [0x00000000d0350000, 0x00000000fae00000, 0x00000000fae00000)
 concurrent-mark-sweep perm gen total 71244K, used 43356K [0x00000000fae00000, 0x00000000ff393000, 0x0000000100000000)
Event: 2409.263 GC heap after
Heap after GC invocations=66 (full 12):
 par new generation   total 314560K, used 9710K [0x00000000bae00000, 0x00000000d0350000, 0x00000000d0350000)
  eden space 279616K,   0% used [0x00000000bae00000, 0x00000000bae00000, 0x00000000cbf10000)
  from space 34944K,  27% used [0x00000000ce130000, 0x00000000ceaaba80, 0x00000000d0350000)
  to   space 34944K,   0% used [0x00000000cbf10000, 0x00000000cbf10000, 0x00000000ce130000)
 concurrent mark-sweep generation total 699072K, used 158918K [0x00000000d0350000, 0x00000000fae00000, 0x00000000fae00000)
 concurrent-mark-sweep perm gen total 71244K, used 43356K [0x00000000fae00000, 0x00000000ff393000, 0x0000000100000000)
}
Event: 2450.181 GC heap before
{Heap before GC invocations=66 (full 12):
 par new generation   total 314560K, used 289326K [0x00000000bae00000, 0x00000000d0350000, 0x00000000d0350000)
  eden space 279616K, 100% used [0x00000000bae00000, 0x00000000cbf10000, 0x00000000cbf10000)
  from space 34944K,  27% used [0x00000000ce130000, 0x00000000ceaaba80, 0x00000000d0350000)
  to   space 34944K,   0% used [0x00000000cbf10000, 0x00000000cbf10000, 0x00000000ce130000)
 concurrent mark-sweep generation total 699072K, used 158918K [0x00000000d0350000, 0x00000000fae00000, 0x00000000fae00000)
 concurrent-mark-sweep perm gen total 71244K, used 43357K [0x00000000fae00000, 0x00000000ff393000, 0x0000000100000000)
Event: 2450.190 GC heap after
Heap after GC invocations=67 (full 12):
 par new generation   total 314560K, used 11005K [0x00000000bae00000, 0x00000000d0350000, 0x00000000d0350000)
  eden space 279616K,   0% used [0x00000000bae00000, 0x00000000bae00000, 0x00000000cbf10000)
  from space 34944K,  31% used [0x00000000cbf10000, 0x00000000cc9cf410, 0x00000000ce130000)
  to   space 34944K,   0% used [0x00000000ce130000, 0x00000000ce130000, 0x00000000d0350000)
 concurrent mark-sweep generation total 699072K, used 158930K [0x00000000d0350000, 0x00000000fae00000, 0x00000000fae00000)
 concurrent-mark-sweep perm gen total 71244K, used 43357K [0x00000000fae00000, 0x00000000ff393000, 0x0000000100000000)
}
Event: 2494.296 GC heap before
{Heap before GC invocations=67 (full 12):
 par new generation   total 314560K, used 290621K [0x00000000bae00000, 0x00000000d0350000, 0x00000000d0350000)
  eden space 279616K, 100% used [0x00000000bae00000, 0x00000000cbf10000, 0x00000000cbf10000)
  from space 34944K,  31% used [0x00000000cbf10000, 0x00000000cc9cf410, 0x00000000ce130000)
  to   space 34944K,   0% used [0x00000000ce130000, 0x00000000ce130000, 0x00000000d0350000)
 concurrent mark-sweep generation total 699072K, used 158930K [0x00000000d0350000, 0x00000000fae00000, 0x00000000fae00000)
 concurrent-mark-sweep perm gen total 71244K, used 43357K [0x00000000fae00000, 0x00000000ff393000, 0x0000000100000000)
Event: 2494.307 GC heap after
Heap after GC invocations=68 (full 12):
 par new generation   total 314560K, used 9454K [0x00000000bae00000, 0x00000000d0350000, 0x00000000d0350000)
  eden space 279616K,   0% used [0x00000000bae00000, 0x00000000bae00000, 0x00000000cbf10000)
  from space 34944K,  27% used [0x00000000ce130000, 0x00000000cea6b850, 0x00000000d0350000)
  to   space 34944K,   0% used [0x00000000cbf10000, 0x00000000cbf10000, 0x00000000ce130000)
 concurrent mark-sweep generation total 699072K, used 160080K [0x00000000d0350000, 0x00000000fae00000, 0x00000000fae00000)
 concurrent-mark-sweep perm gen total 71244K, used 43357K [0x00000000fae00000, 0x00000000ff393000, 0x0000000100000000)
}
Event: 2528.509 GC heap before
{Heap before GC invocations=68 (full 12):
 par new generation   total 314560K, used 289070K [0x00000000bae00000, 0x00000000d0350000, 0x00000000d0350000)
  eden space 279616K, 100% used [0x00000000bae00000, 0x00000000cbf10000, 0x00000000cbf10000)
  from space 34944K,  27% used [0x00000000ce130000, 0x00000000cea6b850, 0x00000000d0350000)
  to   space 34944K,   0% used [0x00000000cbf10000, 0x00000000cbf10000, 0x00000000ce130000)
 concurrent mark-sweep generation total 699072K, used 160080K [0x00000000d0350000, 0x00000000fae00000, 0x00000000fae00000)
 concurrent-mark-sweep perm gen total 71244K, used 43366K [0x00000000fae00000, 0x00000000ff393000, 0x0000000100000000)

