# JRE version: Java(TM) SE Runtime Environment (7.0_55-b13) (build 1.7.0_55-b13)
# Java VM: Java HotSpot(TM) 64-Bit Server VM (24.55-b03 mixed mode windows-amd64 compressed oops)
Heap
 par new generation   total 314560K, used 106590K [0x00000000bae00000, 0x00000000d0350000, 0x00000000d0350000)
  eden space 279616K,  38% used [0x00000000bae00000, 0x00000000c1617b28, 0x00000000cbf10000)
  from space 34944K,   0% used [0x00000000cbf10000, 0x00000000cbf10000, 0x00000000ce130000)
  to   space 34944K,   0% used [0x00000000ce130000, 0x00000000ce130000, 0x00000000d0350000)
 concurrent mark-sweep generation total 699072K, used 105164K [0x00000000d0350000, 0x00000000fae00000, 0x00000000fae00000)
 concurrent-mark-sweep perm gen total 61152K, used 37898K [0x00000000fae00000, 0x00000000fe9b8000, 0x0000000100000000)
GC Heap History (10 events):
Event: 20.054 GC heap before
{Heap before GC invocations=8 (full 5):
 par new generation   total 314560K, used 314560K [0x00000000bae00000, 0x00000000d0350000, 0x00000000d0350000)
  eden space 279616K, 100% used [0x00000000bae00000, 0x00000000cbf10000, 0x00000000cbf10000)
  from space 34944K, 100% used [0x00000000ce130000, 0x00000000d0350000, 0x00000000d0350000)
  to   space 34944K,   0% used [0x00000000cbf10000, 0x00000000cbf10000, 0x00000000ce130000)
 concurrent mark-sweep generation total 699072K, used 123629K [0x00000000d0350000, 0x00000000fae00000, 0x00000000fae00000)
 concurrent-mark-sweep perm gen total 49728K, used 33678K [0x00000000fae00000, 0x00000000fde90000, 0x0000000100000000)
Event: 20.071 GC heap after
Heap after GC invocations=9 (full 5):
 par new generation   total 314560K, used 21877K [0x00000000bae00000, 0x00000000d0350000, 0x00000000d0350000)
  eden space 279616K,   0% used [0x00000000bae00000, 0x00000000bae00000, 0x00000000cbf10000)
  from space 34944K,  62% used [0x00000000cbf10000, 0x00000000cd46d6e8, 0x00000000ce130000)
  to   space 34944K,   0% used [0x00000000ce130000, 0x00000000ce130000, 0x00000000d0350000)
 concurrent mark-sweep generation total 699072K, used 123629K [0x00000000d0350000, 0x00000000fae00000, 0x00000000fae00000)
 concurrent-mark-sweep perm gen total 49728K, used 33678K [0x00000000fae00000, 0x00000000fde90000, 0x0000000100000000)
}
Event: 21.819 GC heap before
{Heap before GC invocations=9 (full 5):
 par new generation   total 314560K, used 301493K [0x00000000bae00000, 0x00000000d0350000, 0x00000000d0350000)
  eden space 279616K, 100% used [0x00000000bae00000, 0x00000000cbf10000, 0x00000000cbf10000)
  from space 34944K,  62% used [0x00000000cbf10000, 0x00000000cd46d6e8, 0x00000000ce130000)
  to   space 34944K,   0% used [0x00000000ce130000, 0x00000000ce130000, 0x00000000d0350000)
 concurrent mark-sweep generation total 699072K, used 89215K [0x00000000d0350000, 0x00000000fae00000, 0x00000000fae00000)
 concurrent-mark-sweep perm gen total 57916K, used 35743K [0x00000000fae00000, 0x00000000fe68f000, 0x0000000100000000)
Event: 21.846 GC heap after
Heap after GC invocations=10 (full 5):
 par new generation   total 314560K, used 24777K [0x00000000bae00000, 0x00000000d0350000, 0x00000000d0350000)
  eden space 279616K,   0% used [0x00000000bae00000, 0x00000000bae00000, 0x00000000cbf10000)
  from space 34944K,  70% used [0x00000000ce130000, 0x00000000cf962790, 0x00000000d0350000)
  to   space 34944K,   0% used [0x00000000cbf10000, 0x00000000cbf10000, 0x00000000ce130000)
 concurrent mark-sweep generation total 699072K, used 94987K [0x00000000d0350000, 0x00000000fae00000, 0x00000000fae00000)
 concurrent-mark-sweep perm gen total 57916K, used 35743K [0x00000000fae00000, 0x00000000fe68f000, 0x0000000100000000)
}
Event: 23.858 GC heap before
{Heap before GC invocations=10 (full 6):
 par new generation   total 314560K, used 290143K [0x00000000bae00000, 0x00000000d0350000, 0x00000000d0350000)
  eden space 279616K,  94% used [0x00000000bae00000, 0x00000000cb125510, 0x00000000cbf10000)
  from space 34944K,  70% used [0x00000000ce130000, 0x00000000cf962790, 0x00000000d0350000)
  to   space 34944K,   0% used [0x00000000cbf10000, 0x00000000cbf10000, 0x00000000ce130000)
 concurrent mark-sweep generation total 699072K, used 94987K [0x00000000d0350000, 0x00000000fae00000, 0x00000000fae00000)
 concurrent-mark-sweep perm gen total 57916K, used 35981K [0x00000000fae00000, 0x00000000fe68f000, 0x0000000100000000)
Event: 23.883 GC heap after
Heap after GC invocations=11 (full 6):
 par new generation   total 314560K, used 17003K [0x00000000bae00000, 0x00000000d0350000, 0x00000000d0350000)
  eden space 279616K,   0% used [0x00000000bae00000, 0x00000000bae00000, 0x00000000cbf10000)
  from space 34944K,  48% used [0x00000000cbf10000, 0x00000000ccfaae50, 0x00000000ce130000)
  to   space 34944K,   0% used [0x00000000ce130000, 0x00000000ce130000, 0x00000000d0350000)
 concurrent mark-sweep generation total 699072K, used 103550K [0x00000000d0350000, 0x00000000fae00000, 0x00000000fae00000)
 concurrent-mark-sweep perm gen total 57916K, used 35981K [0x00000000fae00000, 0x00000000fe68f000, 0x0000000100000000)
}
Event: 51.292 GC heap before
{Heap before GC invocations=11 (full 6):
 par new generation   total 314560K, used 234490K [0x00000000bae00000, 0x00000000d0350000, 0x00000000d0350000)
  eden space 279616K,  77% used [0x00000000bae00000, 0x00000000c82639b0, 0x00000000cbf10000)
  from space 34944K,  48% used [0x00000000cbf10000, 0x00000000ccfaae50, 0x00000000ce130000)
  to   space 34944K,   0% used [0x00000000ce130000, 0x00000000ce130000, 0x00000000d0350000)
 concurrent mark-sweep generation total 699072K, used 98152K [0x00000000d0350000, 0x00000000fae00000, 0x00000000fae00000)
 concurrent-mark-sweep perm gen total 60412K, used 36701K [0x00000000fae00000, 0x00000000fe8ff000, 0x0000000100000000)
Event: 51.797 GC heap after
Heap after GC invocations=12 (full 7):
 par new generation   total 314560K, used 0K [0x00000000bae00000, 0x00000000d0350000, 0x00000000d0350000)
  eden space 279616K,   0% used [0x00000000bae00000, 0x00000000bae00000, 0x00000000cbf10000)
  from space 34944K,   0% used [0x00000000cbf10000, 0x00000000cbf10000, 0x00000000ce130000)
  to   space 34944K,   0% used [0x00000000ce130000, 0x00000000ce130000, 0x00000000d0350000)
 concurrent mark-sweep generation total 699072K, used 105325K [0x00000000d0350000, 0x00000000fae00000, 0x00000000fae00000)
 concurrent-mark-sweep perm gen total 61152K, used 36690K [0x00000000fae00000, 0x00000000fe9b8000, 0x0000000100000000)
}
Event: 51.799 GC heap before
{Heap before GC invocations=12 (full 8):
 par new generation   total 314560K, used 0K [0x00000000bae00000, 0x00000000d0350000, 0x00000000d0350000)
  eden space 279616K,   0% used [0x00000000bae00000, 0x00000000bae00000, 0x00000000cbf10000)
  from space 34944K,   0% used [0x00000000cbf10000, 0x00000000cbf10000, 0x00000000ce130000)
  to   space 34944K,   0% used [0x00000000ce130000, 0x00000000ce130000, 0x00000000d0350000)
 concurrent mark-sweep generation total 699072K, used 105325K [0x00000000d0350000, 0x00000000fae00000, 0x00000000fae00000)
 concurrent-mark-sweep perm gen total 61152K, used 36690K [0x00000000fae00000, 0x00000000fe9b8000, 0x0000000100000000)
Event: 52.316 GC heap after
Heap after GC invocations=13 (full 9):
 par new generation   total 314560K, used 0K [0x00000000bae00000, 0x00000000d0350000, 0x00000000d0350000)
  eden space 279616K,   0% used [0x00000000bae00000, 0x00000000bae00000, 0x00000000cbf10000)
  from space 34944K,   0% used [0x00000000cbf10000, 0x00000000cbf10000, 0x00000000ce130000)
  to   space 34944K,   0% used [0x00000000ce130000, 0x00000000ce130000, 0x00000000d0350000)
 concurrent mark-sweep generation total 699072K, used 105164K [0x00000000d0350000, 0x00000000fae00000, 0x00000000fae00000)
 concurrent-mark-sweep perm gen total 61152K, used 36690K [0x00000000fae00000, 0x00000000fe9b8000, 0x0000000100000000)
}

